{"/Users/victormoy/Documents/dev/to-do-list/backend/app.js": {"path":"/Users/victormoy/Documents/dev/to-do-list/backend/app.js","statementMap":{"0":{"start":{"line":2,"column":16},"end":{"line":2,"column":34}},"1":{"start":{"line":3,"column":13},"end":{"line":3,"column":28}},"2":{"start":{"line":4,"column":19},"end":{"line":4,"column":49}},"3":{"start":{"line":5,"column":19},"end":{"line":5,"column":49}},"4":{"start":{"line":7,"column":12},"end":{"line":7,"column":21}},"5":{"start":{"line":10,"column":0},"end":{"line":10,"column":24}},"6":{"start":{"line":13,"column":0},"end":{"line":19,"column":2}},"7":{"start":{"line":22,"column":0},"end":{"line":22,"column":30}},"8":{"start":{"line":23,"column":0},"end":{"line":23,"column":30}},"9":{"start":{"line":25,"column":0},"end":{"line":25,"column":21}}},"fnMap":{},"branchMap":{},"s":{"0":1,"1":1,"2":1,"3":1,"4":1,"5":1,"6":1,"7":1,"8":1,"9":1},"f":{},"b":{},"_coverageSchema":"1a1c01bbd47fc00a2c39e90264f33305004495a9","hash":"27a5b4529f09e31f77196901b1c8f65a0f47a78a"}
,"/Users/victormoy/Documents/dev/to-do-list/backend/controllers/taskController.js": {"path":"/Users/victormoy/Documents/dev/to-do-list/backend/controllers/taskController.js","statementMap":{"0":{"start":{"line":1,"column":25},"end":{"line":1,"column":50}},"1":{"start":{"line":2,"column":15},"end":{"line":2,"column":32}},"2":{"start":{"line":3,"column":13},"end":{"line":3,"column":28}},"3":{"start":{"line":4,"column":15},"end":{"line":4,"column":33}},"4":{"start":{"line":7,"column":16},"end":{"line":14,"column":2}},"5":{"start":{"line":9,"column":4},"end":{"line":9,"column":26}},"6":{"start":{"line":12,"column":4},"end":{"line":12,"column":59}},"7":{"start":{"line":17,"column":15},"end":{"line":20,"column":17}},"8":{"start":{"line":23,"column":17},"end":{"line":35,"column":1}},"9":{"start":{"line":24,"column":21},"end":{"line":24,"column":31}},"10":{"start":{"line":25,"column":2},"end":{"line":34,"column":3}},"11":{"start":{"line":26,"column":18},"end":{"line":29,"column":6}},"12":{"start":{"line":30,"column":4},"end":{"line":30,"column":20}},"13":{"start":{"line":32,"column":4},"end":{"line":32,"column":52}},"14":{"start":{"line":33,"column":4},"end":{"line":33,"column":62}},"15":{"start":{"line":38,"column":19},"end":{"line":76,"column":1}},"16":{"start":{"line":39,"column":59},"end":{"line":39,"column":67}},"17":{"start":{"line":42,"column":16},"end":{"line":42,"column":25}},"18":{"start":{"line":44,"column":2},"end":{"line":75,"column":3}},"19":{"start":{"line":46,"column":17},"end":{"line":54,"column":6}},"20":{"start":{"line":57,"column":4},"end":{"line":69,"column":5}},"21":{"start":{"line":58,"column":6},"end":{"line":68,"column":7}},"22":{"start":{"line":59,"column":24},"end":{"line":59,"column":72}},"23":{"start":{"line":61,"column":8},"end":{"line":67,"column":11}},"24":{"start":{"line":71,"column":4},"end":{"line":71,"column":31}},"25":{"start":{"line":73,"column":4},"end":{"line":73,"column":50}},"26":{"start":{"line":74,"column":4},"end":{"line":74,"column":60}},"27":{"start":{"line":79,"column":19},"end":{"line":125,"column":1}},"28":{"start":{"line":80,"column":59},"end":{"line":80,"column":67}},"29":{"start":{"line":81,"column":17},"end":{"line":81,"column":27}},"30":{"start":{"line":84,"column":16},"end":{"line":84,"column":25}},"31":{"start":{"line":86,"column":2},"end":{"line":124,"column":3}},"32":{"start":{"line":87,"column":4},"end":{"line":91,"column":5}},"33":{"start":{"line":88,"column":6},"end":{"line":90,"column":66}},"34":{"start":{"line":94,"column":24},"end":{"line":103,"column":6}},"35":{"start":{"line":106,"column":4},"end":{"line":118,"column":5}},"36":{"start":{"line":107,"column":6},"end":{"line":117,"column":7}},"37":{"start":{"line":108,"column":24},"end":{"line":108,"column":72}},"38":{"start":{"line":110,"column":8},"end":{"line":116,"column":11}},"39":{"start":{"line":120,"column":4},"end":{"line":120,"column":26}},"40":{"start":{"line":122,"column":4},"end":{"line":122,"column":54}},"41":{"start":{"line":123,"column":4},"end":{"line":123,"column":64}},"42":{"start":{"line":128,"column":19},"end":{"line":140,"column":1}},"43":{"start":{"line":129,"column":17},"end":{"line":129,"column":27}},"44":{"start":{"line":131,"column":2},"end":{"line":139,"column":3}},"45":{"start":{"line":132,"column":4},"end":{"line":134,"column":7}},"46":{"start":{"line":135,"column":4},"end":{"line":135,"column":58}},"47":{"start":{"line":137,"column":4},"end":{"line":137,"column":52}},"48":{"start":{"line":138,"column":4},"end":{"line":138,"column":62}},"49":{"start":{"line":143,"column":22},"end":{"line":167,"column":1}},"50":{"start":{"line":144,"column":17},"end":{"line":144,"column":27}},"51":{"start":{"line":146,"column":2},"end":{"line":166,"column":3}},"52":{"start":{"line":147,"column":17},"end":{"line":152,"column":6}},"53":{"start":{"line":154,"column":4},"end":{"line":156,"column":5}},"54":{"start":{"line":155,"column":6},"end":{"line":155,"column":71}},"55":{"start":{"line":160,"column":6},"end":{"line":160,"column":10}},"56":{"start":{"line":162,"column":4},"end":{"line":162,"column":79}},"57":{"start":{"line":164,"column":4},"end":{"line":164,"column":65}},"58":{"start":{"line":165,"column":4},"end":{"line":165,"column":75}},"59":{"start":{"line":169,"column":0},"end":{"line":175,"column":2}}},"fnMap":{"0":{"name":"(anonymous_0)","decl":{"start":{"line":8,"column":15},"end":{"line":8,"column":16}},"loc":{"start":{"line":8,"column":34},"end":{"line":10,"column":3}},"line":8},"1":{"name":"(anonymous_1)","decl":{"start":{"line":11,"column":12},"end":{"line":11,"column":13}},"loc":{"start":{"line":11,"column":31},"end":{"line":13,"column":3}},"line":11},"2":{"name":"(anonymous_2)","decl":{"start":{"line":23,"column":17},"end":{"line":23,"column":18}},"loc":{"start":{"line":23,"column":37},"end":{"line":35,"column":1}},"line":23},"3":{"name":"(anonymous_3)","decl":{"start":{"line":38,"column":19},"end":{"line":38,"column":20}},"loc":{"start":{"line":38,"column":39},"end":{"line":76,"column":1}},"line":38},"4":{"name":"(anonymous_4)","decl":{"start":{"line":79,"column":19},"end":{"line":79,"column":20}},"loc":{"start":{"line":79,"column":39},"end":{"line":125,"column":1}},"line":79},"5":{"name":"(anonymous_5)","decl":{"start":{"line":128,"column":19},"end":{"line":128,"column":20}},"loc":{"start":{"line":128,"column":39},"end":{"line":140,"column":1}},"line":128},"6":{"name":"(anonymous_6)","decl":{"start":{"line":143,"column":22},"end":{"line":143,"column":23}},"loc":{"start":{"line":143,"column":42},"end":{"line":167,"column":1}},"line":143}},"branchMap":{"0":{"loc":{"start":{"line":50,"column":16},"end":{"line":50,"column":32}},"type":"binary-expr","locations":[{"start":{"line":50,"column":16},"end":{"line":50,"column":22}},{"start":{"line":50,"column":26},"end":{"line":50,"column":32}}],"line":50},"1":{"loc":{"start":{"line":51,"column":21},"end":{"line":51,"column":38}},"type":"binary-expr","locations":[{"start":{"line":51,"column":21},"end":{"line":51,"column":32}},{"start":{"line":51,"column":36},"end":{"line":51,"column":38}}],"line":51},"2":{"loc":{"start":{"line":52,"column":18},"end":{"line":52,"column":38}},"type":"binary-expr","locations":[{"start":{"line":52,"column":18},"end":{"line":52,"column":26}},{"start":{"line":52,"column":30},"end":{"line":52,"column":38}}],"line":52},"3":{"loc":{"start":{"line":57,"column":4},"end":{"line":69,"column":5}},"type":"if","locations":[{"start":{"line":57,"column":4},"end":{"line":69,"column":5}},{"start":{},"end":{}}],"line":57},"4":{"loc":{"start":{"line":57,"column":8},"end":{"line":57,"column":33}},"type":"binary-expr","locations":[{"start":{"line":57,"column":8},"end":{"line":57,"column":13}},{"start":{"line":57,"column":17},"end":{"line":57,"column":33}}],"line":57},"5":{"loc":{"start":{"line":87,"column":4},"end":{"line":91,"column":5}},"type":"if","locations":[{"start":{"line":87,"column":4},"end":{"line":91,"column":5}},{"start":{},"end":{}}],"line":87},"6":{"loc":{"start":{"line":87,"column":8},"end":{"line":87,"column":65}},"type":"binary-expr","locations":[{"start":{"line":87,"column":8},"end":{"line":87,"column":14}},{"start":{"line":87,"column":18},"end":{"line":87,"column":30}},{"start":{"line":87,"column":34},"end":{"line":87,"column":41}},{"start":{"line":87,"column":45},"end":{"line":87,"column":54}},{"start":{"line":87,"column":58},"end":{"line":87,"column":65}}],"line":87},"7":{"loc":{"start":{"line":106,"column":4},"end":{"line":118,"column":5}},"type":"if","locations":[{"start":{"line":106,"column":4},"end":{"line":118,"column":5}},{"start":{},"end":{}}],"line":106},"8":{"loc":{"start":{"line":106,"column":8},"end":{"line":106,"column":33}},"type":"binary-expr","locations":[{"start":{"line":106,"column":8},"end":{"line":106,"column":13}},{"start":{"line":106,"column":17},"end":{"line":106,"column":33}}],"line":106},"9":{"loc":{"start":{"line":154,"column":4},"end":{"line":156,"column":5}},"type":"if","locations":[{"start":{"line":154,"column":4},"end":{"line":156,"column":5}},{"start":{},"end":{}}],"line":154}},"s":{"0":1,"1":1,"2":1,"3":1,"4":1,"5":0,"6":0,"7":1,"8":1,"9":1,"10":1,"11":1,"12":1,"13":0,"14":0,"15":1,"16":1,"17":1,"18":1,"19":1,"20":1,"21":0,"22":0,"23":0,"24":1,"25":0,"26":0,"27":1,"28":1,"29":1,"30":1,"31":1,"32":1,"33":0,"34":1,"35":1,"36":0,"37":0,"38":0,"39":1,"40":0,"41":0,"42":1,"43":1,"44":1,"45":1,"46":1,"47":0,"48":0,"49":1,"50":1,"51":1,"52":1,"53":1,"54":0,"55":1,"56":1,"57":0,"58":0,"59":1},"f":{"0":0,"1":0,"2":1,"3":1,"4":1,"5":1,"6":1},"b":{"0":[1,0],"1":[1,0],"2":[1,0],"3":[0,1],"4":[1,1],"5":[0,1],"6":[1,1,1,1,1],"7":[0,1],"8":[1,1],"9":[0,1]},"_coverageSchema":"1a1c01bbd47fc00a2c39e90264f33305004495a9","hash":"6e1dd991917769afc15f554a16a6d66f8d43fd3a"}
,"/Users/victormoy/Documents/dev/to-do-list/backend/controllers/userController.js": {"path":"/Users/victormoy/Documents/dev/to-do-list/backend/controllers/userController.js","statementMap":{"0":{"start":{"line":1,"column":25},"end":{"line":1,"column":50}},"1":{"start":{"line":2,"column":15},"end":{"line":2,"column":34}},"2":{"start":{"line":3,"column":12},"end":{"line":3,"column":35}},"3":{"start":{"line":4,"column":25},"end":{"line":4,"column":55}},"4":{"start":{"line":5,"column":15},"end":{"line":5,"column":33}},"5":{"start":{"line":7,"column":15},"end":{"line":7,"column":61}},"6":{"start":{"line":10,"column":21},"end":{"line":35,"column":1}},"7":{"start":{"line":11,"column":36},"end":{"line":11,"column":44}},"8":{"start":{"line":12,"column":2},"end":{"line":34,"column":3}},"9":{"start":{"line":14,"column":23},"end":{"line":14,"column":73}},"10":{"start":{"line":15,"column":4},"end":{"line":17,"column":5}},"11":{"start":{"line":16,"column":6},"end":{"line":16,"column":66}},"12":{"start":{"line":20,"column":27},"end":{"line":20,"column":58}},"13":{"start":{"line":23,"column":17},"end":{"line":29,"column":6}},"14":{"start":{"line":31,"column":4},"end":{"line":31,"column":31}},"15":{"start":{"line":33,"column":4},"end":{"line":33,"column":65}},"16":{"start":{"line":38,"column":18},"end":{"line":66,"column":1}},"17":{"start":{"line":39,"column":30},"end":{"line":39,"column":38}},"18":{"start":{"line":40,"column":2},"end":{"line":65,"column":3}},"19":{"start":{"line":42,"column":17},"end":{"line":42,"column":67}},"20":{"start":{"line":43,"column":4},"end":{"line":45,"column":5}},"21":{"start":{"line":44,"column":6},"end":{"line":44,"column":70}},"22":{"start":{"line":48,"column":28},"end":{"line":48,"column":73}},"23":{"start":{"line":49,"column":4},"end":{"line":51,"column":5}},"24":{"start":{"line":50,"column":6},"end":{"line":50,"column":70}},"25":{"start":{"line":54,"column":18},"end":{"line":56,"column":6}},"26":{"start":{"line":59,"column":4},"end":{"line":62,"column":7}},"27":{"start":{"line":64,"column":4},"end":{"line":64,"column":62}},"28":{"start":{"line":69,"column":20},"end":{"line":124,"column":1}},"29":{"start":{"line":70,"column":2},"end":{"line":70,"column":50}},"30":{"start":{"line":71,"column":2},"end":{"line":71,"column":53}},"31":{"start":{"line":72,"column":2},"end":{"line":72,"column":48}},"32":{"start":{"line":73,"column":20},"end":{"line":73,"column":28}},"33":{"start":{"line":74,"column":2},"end":{"line":74,"column":40}},"34":{"start":{"line":75,"column":2},"end":{"line":123,"column":3}},"35":{"start":{"line":76,"column":4},"end":{"line":76,"column":60}},"36":{"start":{"line":77,"column":19},"end":{"line":80,"column":6}},"37":{"start":{"line":81,"column":4},"end":{"line":81,"column":53}},"38":{"start":{"line":82,"column":20},"end":{"line":82,"column":39}},"39":{"start":{"line":83,"column":4},"end":{"line":83,"column":47}},"40":{"start":{"line":84,"column":42},"end":{"line":84,"column":49}},"41":{"start":{"line":85,"column":4},"end":{"line":85,"column":78}},"42":{"start":{"line":87,"column":4},"end":{"line":87,"column":54}},"43":{"start":{"line":88,"column":15},"end":{"line":88,"column":65}},"44":{"start":{"line":89,"column":4},"end":{"line":102,"column":5}},"45":{"start":{"line":90,"column":6},"end":{"line":90,"column":66}},"46":{"start":{"line":91,"column":6},"end":{"line":98,"column":9}},"47":{"start":{"line":99,"column":6},"end":{"line":99,"column":48}},"48":{"start":{"line":101,"column":6},"end":{"line":101,"column":47}},"49":{"start":{"line":104,"column":4},"end":{"line":104,"column":31}},"50":{"start":{"line":105,"column":21},"end":{"line":107,"column":6}},"51":{"start":{"line":108,"column":4},"end":{"line":108,"column":41}},"52":{"start":{"line":110,"column":4},"end":{"line":110,"column":37}},"53":{"start":{"line":111,"column":4},"end":{"line":115,"column":7}},"54":{"start":{"line":116,"column":4},"end":{"line":116,"column":36}},"55":{"start":{"line":118,"column":4},"end":{"line":118,"column":49}},"56":{"start":{"line":119,"column":4},"end":{"line":119,"column":78}},"57":{"start":{"line":120,"column":4},"end":{"line":120,"column":62}},"58":{"start":{"line":122,"column":4},"end":{"line":122,"column":43}},"59":{"start":{"line":126,"column":0},"end":{"line":126,"column":58}}},"fnMap":{"0":{"name":"(anonymous_0)","decl":{"start":{"line":10,"column":21},"end":{"line":10,"column":22}},"loc":{"start":{"line":10,"column":41},"end":{"line":35,"column":1}},"line":10},"1":{"name":"(anonymous_1)","decl":{"start":{"line":38,"column":18},"end":{"line":38,"column":19}},"loc":{"start":{"line":38,"column":38},"end":{"line":66,"column":1}},"line":38},"2":{"name":"(anonymous_2)","decl":{"start":{"line":69,"column":20},"end":{"line":69,"column":21}},"loc":{"start":{"line":69,"column":40},"end":{"line":124,"column":1}},"line":69}},"branchMap":{"0":{"loc":{"start":{"line":15,"column":4},"end":{"line":17,"column":5}},"type":"if","locations":[{"start":{"line":15,"column":4},"end":{"line":17,"column":5}},{"start":{},"end":{}}],"line":15},"1":{"loc":{"start":{"line":43,"column":4},"end":{"line":45,"column":5}},"type":"if","locations":[{"start":{"line":43,"column":4},"end":{"line":45,"column":5}},{"start":{},"end":{}}],"line":43},"2":{"loc":{"start":{"line":49,"column":4},"end":{"line":51,"column":5}},"type":"if","locations":[{"start":{"line":49,"column":4},"end":{"line":51,"column":5}},{"start":{},"end":{}}],"line":49},"3":{"loc":{"start":{"line":89,"column":4},"end":{"line":102,"column":5}},"type":"if","locations":[{"start":{"line":89,"column":4},"end":{"line":102,"column":5}},{"start":{"line":100,"column":11},"end":{"line":102,"column":5}}],"line":89},"4":{"loc":{"start":{"line":119,"column":39},"end":{"line":119,"column":76}},"type":"binary-expr","locations":[{"start":{"line":119,"column":39},"end":{"line":119,"column":50}},{"start":{"line":119,"column":54},"end":{"line":119,"column":67}},{"start":{"line":119,"column":71},"end":{"line":119,"column":76}}],"line":119}},"s":{"0":1,"1":1,"2":1,"3":1,"4":1,"5":1,"6":1,"7":0,"8":0,"9":0,"10":0,"11":0,"12":0,"13":0,"14":0,"15":0,"16":1,"17":0,"18":0,"19":0,"20":0,"21":0,"22":0,"23":0,"24":0,"25":0,"26":0,"27":0,"28":1,"29":0,"30":0,"31":0,"32":0,"33":0,"34":0,"35":0,"36":0,"37":0,"38":0,"39":0,"40":0,"41":0,"42":0,"43":0,"44":0,"45":0,"46":0,"47":0,"48":0,"49":0,"50":0,"51":0,"52":0,"53":0,"54":0,"55":0,"56":0,"57":0,"58":0,"59":1},"f":{"0":0,"1":0,"2":0},"b":{"0":[0,0],"1":[0,0],"2":[0,0],"3":[0,0],"4":[0,0,0]},"_coverageSchema":"1a1c01bbd47fc00a2c39e90264f33305004495a9","hash":"170a30864a40e0ba9f2b4ddb420cb42438f79f8c"}
,"/Users/victormoy/Documents/dev/to-do-list/backend/routes/taskRoutes.js": {"path":"/Users/victormoy/Documents/dev/to-do-list/backend/routes/taskRoutes.js","statementMap":{"0":{"start":{"line":1,"column":16},"end":{"line":1,"column":34}},"1":{"start":{"line":8,"column":4},"end":{"line":8,"column":44}},"2":{"start":{"line":9,"column":15},"end":{"line":9,"column":32}},"3":{"start":{"line":12,"column":15},"end":{"line":12,"column":43}},"4":{"start":{"line":14,"column":15},"end":{"line":14,"column":31}},"5":{"start":{"line":17,"column":0},"end":{"line":17,"column":33}},"6":{"start":{"line":20,"column":0},"end":{"line":20,"column":52}},"7":{"start":{"line":23,"column":0},"end":{"line":23,"column":54}},"8":{"start":{"line":26,"column":0},"end":{"line":26,"column":34}},"9":{"start":{"line":28,"column":0},"end":{"line":28,"column":41}},"10":{"start":{"line":30,"column":0},"end":{"line":30,"column":24}}},"fnMap":{},"branchMap":{},"s":{"0":1,"1":1,"2":1,"3":1,"4":1,"5":1,"6":1,"7":1,"8":1,"9":1,"10":1},"f":{},"b":{},"_coverageSchema":"1a1c01bbd47fc00a2c39e90264f33305004495a9","hash":"9dcc9efff94bfa0d97f47c14b81cd7ffb0ea311f"}
,"/Users/victormoy/Documents/dev/to-do-list/backend/routes/userRoutes.js": {"path":"/Users/victormoy/Documents/dev/to-do-list/backend/routes/userRoutes.js","statementMap":{"0":{"start":{"line":1,"column":16},"end":{"line":1,"column":34}},"1":{"start":{"line":6,"column":4},"end":{"line":6,"column":44}},"2":{"start":{"line":8,"column":15},"end":{"line":8,"column":31}},"3":{"start":{"line":11,"column":0},"end":{"line":11,"column":39}},"4":{"start":{"line":14,"column":0},"end":{"line":14,"column":33}},"5":{"start":{"line":17,"column":0},"end":{"line":17,"column":42}},"6":{"start":{"line":19,"column":0},"end":{"line":19,"column":24}}},"fnMap":{},"branchMap":{},"s":{"0":1,"1":1,"2":1,"3":1,"4":1,"5":1,"6":1},"f":{},"b":{},"_coverageSchema":"1a1c01bbd47fc00a2c39e90264f33305004495a9","hash":"914c2bf68a2d380ab63ec2b0d432c80673216c01"}
}
