TN:
SF:app.js
FNF:0
FNH:0
DA:2,1
DA:3,1
DA:4,1
DA:5,1
DA:7,1
DA:10,1
DA:13,1
DA:22,1
DA:23,1
DA:25,1
LF:10
LH:10
BRF:0
BRH:0
end_of_record
TN:
SF:controllers/taskController.js
FN:8,(anonymous_0)
FN:11,(anonymous_1)
FN:23,(anonymous_2)
FN:38,(anonymous_3)
FN:79,(anonymous_4)
FN:128,(anonymous_5)
FN:143,(anonymous_6)
FNF:7
FNH:5
FNDA:0,(anonymous_0)
FNDA:0,(anonymous_1)
FNDA:1,(anonymous_2)
FNDA:1,(anonymous_3)
FNDA:1,(anonymous_4)
FNDA:1,(anonymous_5)
FNDA:1,(anonymous_6)
DA:1,1
DA:2,1
DA:3,1
DA:4,1
DA:7,1
DA:9,0
DA:12,0
DA:17,1
DA:23,1
DA:24,1
DA:25,1
DA:26,1
DA:30,1
DA:32,0
DA:33,0
DA:38,1
DA:39,1
DA:42,1
DA:44,1
DA:46,1
DA:57,1
DA:58,0
DA:59,0
DA:61,0
DA:71,1
DA:73,0
DA:74,0
DA:79,1
DA:80,1
DA:81,1
DA:84,1
DA:86,1
DA:87,1
DA:88,0
DA:94,1
DA:106,1
DA:107,0
DA:108,0
DA:110,0
DA:120,1
DA:122,0
DA:123,0
DA:128,1
DA:129,1
DA:131,1
DA:132,1
DA:135,1
DA:137,0
DA:138,0
DA:143,1
DA:144,1
DA:146,1
DA:147,1
DA:154,1
DA:155,0
DA:160,1
DA:162,1
DA:164,0
DA:165,0
DA:169,1
LF:60
LH:40
BRDA:50,0,0,1
BRDA:50,0,1,0
BRDA:51,1,0,1
BRDA:51,1,1,0
BRDA:52,2,0,1
BRDA:52,2,1,0
BRDA:57,3,0,0
BRDA:57,3,1,1
BRDA:57,4,0,1
BRDA:57,4,1,1
BRDA:87,5,0,0
BRDA:87,5,1,1
BRDA:87,6,0,1
BRDA:87,6,1,1
BRDA:87,6,2,1
BRDA:87,6,3,1
BRDA:87,6,4,1
BRDA:106,7,0,0
BRDA:106,7,1,1
BRDA:106,8,0,1
BRDA:106,8,1,1
BRDA:154,9,0,0
BRDA:154,9,1,1
BRF:23
BRH:16
end_of_record
TN:
SF:controllers/userController.js
FN:10,(anonymous_0)
FN:38,(anonymous_1)
FN:69,(anonymous_2)
FNF:3
FNH:0
FNDA:0,(anonymous_0)
FNDA:0,(anonymous_1)
FNDA:0,(anonymous_2)
DA:1,1
DA:2,1
DA:3,1
DA:4,1
DA:5,1
DA:7,1
DA:10,1
DA:11,0
DA:12,0
DA:14,0
DA:15,0
DA:16,0
DA:20,0
DA:23,0
DA:31,0
DA:33,0
DA:38,1
DA:39,0
DA:40,0
DA:42,0
DA:43,0
DA:44,0
DA:48,0
DA:49,0
DA:50,0
DA:54,0
DA:59,0
DA:64,0
DA:69,1
DA:70,0
DA:71,0
DA:72,0
DA:73,0
DA:74,0
DA:75,0
DA:76,0
DA:77,0
DA:81,0
DA:82,0
DA:83,0
DA:84,0
DA:85,0
DA:87,0
DA:88,0
DA:89,0
DA:90,0
DA:91,0
DA:99,0
DA:101,0
DA:104,0
DA:105,0
DA:108,0
DA:110,0
DA:111,0
DA:116,0
DA:118,0
DA:119,0
DA:120,0
DA:122,0
DA:126,1
LF:60
LH:10
BRDA:15,0,0,0
BRDA:15,0,1,0
BRDA:43,1,0,0
BRDA:43,1,1,0
BRDA:49,2,0,0
BRDA:49,2,1,0
BRDA:89,3,0,0
BRDA:89,3,1,0
BRDA:119,4,0,0
BRDA:119,4,1,0
BRDA:119,4,2,0
BRF:11
BRH:0
end_of_record
TN:
SF:routes/taskRoutes.js
FNF:0
FNH:0
DA:1,1
DA:8,1
DA:9,1
DA:12,1
DA:14,1
DA:17,1
DA:20,1
DA:23,1
DA:26,1
DA:28,1
DA:30,1
LF:11
LH:11
BRF:0
BRH:0
end_of_record
TN:
SF:routes/userRoutes.js
FNF:0
FNH:0
DA:1,1
DA:6,1
DA:8,1
DA:11,1
DA:14,1
DA:17,1
DA:19,1
LF:7
LH:7
BRF:0
BRH:0
end_of_record
